25-07-09.09:02:47.842 [main            ] INFO  StrategyRepositoryTest - Starting StrategyRepositoryTest using Java 18.0.2 on DESKTOP-0RF5ELK with PID 33504 (started by zhangxiuyu in D:\Java_project\big_market\big_market-app)
25-07-09.09:02:47.843 [main            ] INFO  StrategyRepositoryTest - The following 1 profile is active: "dev"
25-07-09.09:02:48.565 [main            ] INFO  RepositoryConfigurationDelegate - Multiple Spring Data modules found, entering strict repository configuration mode
25-07-09.09:02:48.568 [main            ] INFO  RepositoryConfigurationDelegate - Bootstrapping Spring Data Redis repositories in DEFAULT mode.
25-07-09.09:02:48.598 [main            ] INFO  RepositoryConfigurationDelegate - Finished Spring Data repository scanning in 12 ms. Found 0 Redis repository interfaces.
25-07-09.09:02:49.536 [main            ] INFO  Version                - Redisson 3.23.4
25-07-09.09:02:49.848 [redisson-netty-2-4] INFO  MasterPubSubConnectionPool - 1 connections initialized for 127.0.0.1/127.0.0.1:16379
25-07-09.09:02:49.866 [redisson-netty-2-13] INFO  MasterConnectionPool   - 5 connections initialized for 127.0.0.1/127.0.0.1:16379
25-07-09.09:02:51.005 [main            ] INFO  EndpointLinksResolver  - Exposing 1 endpoint(s) beneath base path '/actuator'
25-07-09.09:02:51.047 [main            ] INFO  StrategyRepositoryTest - Started StrategyRepositoryTest in 3.573 seconds (JVM running for 4.408)
25-07-09.09:02:51.589 [main            ] INFO  StrategyRepositoryTest - 测试结果：{"treeDesc":"规则树","treeId":"tree_lock","treeName":"规则树","treeNodeMap":{"rule_luck_award":{"ruleDesc":"兜底奖品随机积分","ruleKey":"rule_luck_award","ruleValue":"1,100","treeId":"tree_lock"},"rule_lock":{"ruleDesc":"限定用户已完成N次抽奖后解锁","ruleKey":"rule_lock","ruleValue":"1","treeId":"tree_lock","treeNodeLineVOList":[{"ruleLimitType":"EQUAL","ruleLimitValue":"ALLOW","ruleNodeFrom":"rule_lock","ruleNodeTo":"rule_stock","treeId":"tree_lock"},{"ruleLimitType":"EQUAL","ruleLimitValue":"TAKE_OVER","ruleNodeFrom":"rule_lock","ruleNodeTo":"rule_luck_award","treeId":"tree_lock"}]},"rule_stock":{"ruleDesc":"库存扣减规则","ruleKey":"rule_stock","treeId":"tree_lock","treeNodeLineVOList":[{"ruleLimitType":"EQUAL","ruleLimitValue":"TAKE_OVER","ruleNodeFrom":"rule_stock","ruleNodeTo":"rule_luck_award","treeId":"tree_lock"}]}},"treeRootRuleNode":"rule_lock"}
25-07-09.11:58:38.411 [main            ] INFO  RaffleStrategyTest     - Starting RaffleStrategyTest using Java 18.0.2 on DESKTOP-0RF5ELK with PID 25492 (started by zhangxiuyu in D:\Java_project\big_market\big_market-app)
25-07-09.11:58:38.413 [main            ] INFO  RaffleStrategyTest     - The following 1 profile is active: "dev"
25-07-09.11:58:39.229 [main            ] INFO  RepositoryConfigurationDelegate - Multiple Spring Data modules found, entering strict repository configuration mode
25-07-09.11:58:39.232 [main            ] INFO  RepositoryConfigurationDelegate - Bootstrapping Spring Data Redis repositories in DEFAULT mode.
25-07-09.11:58:39.261 [main            ] INFO  RepositoryConfigurationDelegate - Finished Spring Data repository scanning in 14 ms. Found 0 Redis repository interfaces.
25-07-09.11:58:39.812 [main            ] WARN  GenericWebApplicationContext - Exception encountered during context initialization - cancelling refresh attempt: org.springframework.beans.factory.BeanCreationException: Error creating bean with name 'updateAwardStockJob': Injection of resource dependencies failed; nested exception is org.springframework.beans.factory.NoSuchBeanDefinitionException: No qualifying bean of type 'cn.bugstack.domain.strategy.service.IRaffleStock' available: expected at least 1 bean which qualifies as autowire candidate. Dependency annotations: {@javax.annotation.Resource(shareable=true, lookup="", name="", description="", authenticationType=CONTAINER, type=java.lang.Object.class, mappedName="")}
25-07-09.11:58:39.828 [main            ] INFO  ConditionEvaluationReportLoggingListener - 

Error starting ApplicationContext. To display the conditions report re-run your application with 'debug' enabled.
25-07-09.11:58:39.850 [main            ] ERROR LoggingFailureAnalysisReporter - 

***************************
APPLICATION FAILED TO START
***************************

Description:

A component required a bean of type 'cn.bugstack.domain.strategy.service.IRaffleStock' that could not be found.


Action:

Consider defining a bean of type 'cn.bugstack.domain.strategy.service.IRaffleStock' in your configuration.

25-07-09.11:58:39.857 [main            ] ERROR TestContextManager     - Caught exception while allowing TestExecutionListener [org.springframework.test.context.web.ServletTestExecutionListener@710c2b53] to prepare test instance [cn.bugstack.test.domain.RaffleStrategyTest@6d6ac396]
java.lang.IllegalStateException: Failed to load ApplicationContext
	at org.springframework.test.context.cache.DefaultCacheAwareContextLoaderDelegate.loadContext(DefaultCacheAwareContextLoaderDelegate.java:98)
	at org.springframework.test.context.support.DefaultTestContext.getApplicationContext(DefaultTestContext.java:124)
	at org.springframework.test.context.web.ServletTestExecutionListener.setUpRequestContextIfNecessary(ServletTestExecutionListener.java:190)
	at org.springframework.test.context.web.ServletTestExecutionListener.prepareTestInstance(ServletTestExecutionListener.java:132)
	at org.springframework.test.context.TestContextManager.prepareTestInstance(TestContextManager.java:248)
	at org.springframework.test.context.junit4.SpringJUnit4ClassRunner.createTest(SpringJUnit4ClassRunner.java:227)
	at org.springframework.test.context.junit4.SpringJUnit4ClassRunner$1.runReflectiveCall(SpringJUnit4ClassRunner.java:289)
	at org.junit.internal.runners.model.ReflectiveCallable.run(ReflectiveCallable.java:12)
	at org.springframework.test.context.junit4.SpringJUnit4ClassRunner.methodBlock(SpringJUnit4ClassRunner.java:291)
	at org.springframework.test.context.junit4.SpringJUnit4ClassRunner.runChild(SpringJUnit4ClassRunner.java:246)
	at org.springframework.test.context.junit4.SpringJUnit4ClassRunner.runChild(SpringJUnit4ClassRunner.java:97)
	at org.junit.runners.ParentRunner$4.run(ParentRunner.java:331)
	at org.junit.runners.ParentRunner$1.schedule(ParentRunner.java:79)
	at org.junit.runners.ParentRunner.runChildren(ParentRunner.java:329)
	at org.junit.runners.ParentRunner.access$100(ParentRunner.java:66)
	at org.junit.runners.ParentRunner$2.evaluate(ParentRunner.java:293)
	at org.springframework.test.context.junit4.statements.RunBeforeTestClassCallbacks.evaluate(RunBeforeTestClassCallbacks.java:61)
	at org.springframework.test.context.junit4.statements.RunAfterTestClassCallbacks.evaluate(RunAfterTestClassCallbacks.java:70)
	at org.junit.runners.ParentRunner$3.evaluate(ParentRunner.java:306)
	at org.junit.runners.ParentRunner.run(ParentRunner.java:413)
	at org.springframework.test.context.junit4.SpringJUnit4ClassRunner.run(SpringJUnit4ClassRunner.java:190)
	at org.junit.runner.JUnitCore.run(JUnitCore.java:137)
	at com.intellij.junit4.JUnit4IdeaTestRunner.startRunnerWithArgs(JUnit4IdeaTestRunner.java:69)
	at com.intellij.rt.junit.IdeaTestRunner$Repeater$1.execute(IdeaTestRunner.java:38)
	at com.intellij.rt.execution.junit.TestsRepeater.repeat(TestsRepeater.java:11)
	at com.intellij.rt.junit.IdeaTestRunner$Repeater.startRunnerWithArgs(IdeaTestRunner.java:35)
	at com.intellij.rt.junit.JUnitStarter.prepareStreamsAndStart(JUnitStarter.java:232)
	at com.intellij.rt.junit.JUnitStarter.main(JUnitStarter.java:55)
Caused by: org.springframework.beans.factory.BeanCreationException: Error creating bean with name 'updateAwardStockJob': Injection of resource dependencies failed; nested exception is org.springframework.beans.factory.NoSuchBeanDefinitionException: No qualifying bean of type 'cn.bugstack.domain.strategy.service.IRaffleStock' available: expected at least 1 bean which qualifies as autowire candidate. Dependency annotations: {@javax.annotation.Resource(shareable=true, lookup="", name="", description="", authenticationType=CONTAINER, type=java.lang.Object.class, mappedName="")}
	at org.springframework.context.annotation.CommonAnnotationBeanPostProcessor.postProcessProperties(CommonAnnotationBeanPostProcessor.java:332)
	at org.springframework.beans.factory.support.AbstractAutowireCapableBeanFactory.populateBean(AbstractAutowireCapableBeanFactory.java:1431)
	at org.springframework.beans.factory.support.AbstractAutowireCapableBeanFactory.doCreateBean(AbstractAutowireCapableBeanFactory.java:619)
	at org.springframework.beans.factory.support.AbstractAutowireCapableBeanFactory.createBean(AbstractAutowireCapableBeanFactory.java:542)
	at org.springframework.beans.factory.support.AbstractBeanFactory.lambda$doGetBean$0(AbstractBeanFactory.java:335)
	at org.springframework.beans.factory.support.DefaultSingletonBeanRegistry.getSingleton(DefaultSingletonBeanRegistry.java:234)
	at org.springframework.beans.factory.support.AbstractBeanFactory.doGetBean(AbstractBeanFactory.java:333)
	at org.springframework.beans.factory.support.AbstractBeanFactory.getBean(AbstractBeanFactory.java:208)
	at org.springframework.beans.factory.support.DefaultListableBeanFactory.preInstantiateSingletons(DefaultListableBeanFactory.java:955)
	at org.springframework.context.support.AbstractApplicationContext.finishBeanFactoryInitialization(AbstractApplicationContext.java:920)
	at org.springframework.context.support.AbstractApplicationContext.refresh(AbstractApplicationContext.java:583)
	at org.springframework.boot.SpringApplication.refresh(SpringApplication.java:731)
	at org.springframework.boot.SpringApplication.refreshContext(SpringApplication.java:408)
	at org.springframework.boot.SpringApplication.run(SpringApplication.java:307)
	at org.springframework.boot.test.context.SpringBootContextLoader.loadContext(SpringBootContextLoader.java:136)
	at org.springframework.test.context.cache.DefaultCacheAwareContextLoaderDelegate.loadContextInternal(DefaultCacheAwareContextLoaderDelegate.java:141)
	at org.springframework.test.context.cache.DefaultCacheAwareContextLoaderDelegate.loadContext(DefaultCacheAwareContextLoaderDelegate.java:90)
	... 27 common frames omitted
Caused by: org.springframework.beans.factory.NoSuchBeanDefinitionException: No qualifying bean of type 'cn.bugstack.domain.strategy.service.IRaffleStock' available: expected at least 1 bean which qualifies as autowire candidate. Dependency annotations: {@javax.annotation.Resource(shareable=true, lookup="", name="", description="", authenticationType=CONTAINER, type=java.lang.Object.class, mappedName="")}
	at org.springframework.beans.factory.support.DefaultListableBeanFactory.raiseNoMatchingBeanFound(DefaultListableBeanFactory.java:1801)
	at org.springframework.beans.factory.support.DefaultListableBeanFactory.doResolveDependency(DefaultListableBeanFactory.java:1357)
	at org.springframework.beans.factory.support.DefaultListableBeanFactory.resolveDependency(DefaultListableBeanFactory.java:1311)
	at org.springframework.context.annotation.CommonAnnotationBeanPostProcessor.autowireResource(CommonAnnotationBeanPostProcessor.java:544)
	at org.springframework.context.annotation.CommonAnnotationBeanPostProcessor.getResource(CommonAnnotationBeanPostProcessor.java:520)
	at org.springframework.context.annotation.CommonAnnotationBeanPostProcessor$ResourceElement.getResourceToInject(CommonAnnotationBeanPostProcessor.java:673)
	at org.springframework.beans.factory.annotation.InjectionMetadata$InjectedElement.inject(InjectionMetadata.java:228)
	at org.springframework.beans.factory.annotation.InjectionMetadata.inject(InjectionMetadata.java:119)
	at org.springframework.context.annotation.CommonAnnotationBeanPostProcessor.postProcessProperties(CommonAnnotationBeanPostProcessor.java:329)
	... 43 common frames omitted
25-07-09.12:00:17.711 [main            ] INFO  RaffleStrategyTest     - Starting RaffleStrategyTest using Java 18.0.2 on DESKTOP-0RF5ELK with PID 3180 (started by zhangxiuyu in D:\Java_project\big_market\big_market-app)
25-07-09.12:00:17.712 [main            ] INFO  RaffleStrategyTest     - The following 1 profile is active: "dev"
25-07-09.12:00:18.424 [main            ] INFO  RepositoryConfigurationDelegate - Multiple Spring Data modules found, entering strict repository configuration mode
25-07-09.12:00:18.426 [main            ] INFO  RepositoryConfigurationDelegate - Bootstrapping Spring Data Redis repositories in DEFAULT mode.
25-07-09.12:00:18.454 [main            ] INFO  RepositoryConfigurationDelegate - Finished Spring Data repository scanning in 15 ms. Found 0 Redis repository interfaces.
25-07-09.12:00:18.957 [main            ] WARN  GenericWebApplicationContext - Exception encountered during context initialization - cancelling refresh attempt: org.springframework.beans.factory.BeanCreationException: Error creating bean with name 'updateAwardStockJob': Injection of resource dependencies failed; nested exception is org.springframework.beans.factory.NoSuchBeanDefinitionException: No qualifying bean of type 'cn.bugstack.domain.strategy.service.IRaffleStock' available: expected at least 1 bean which qualifies as autowire candidate. Dependency annotations: {@javax.annotation.Resource(shareable=true, lookup="", name="", description="", authenticationType=CONTAINER, type=java.lang.Object.class, mappedName="")}
25-07-09.12:00:18.971 [main            ] INFO  ConditionEvaluationReportLoggingListener - 

Error starting ApplicationContext. To display the conditions report re-run your application with 'debug' enabled.
25-07-09.12:00:18.994 [main            ] ERROR LoggingFailureAnalysisReporter - 

***************************
APPLICATION FAILED TO START
***************************

Description:

A component required a bean of type 'cn.bugstack.domain.strategy.service.IRaffleStock' that could not be found.


Action:

Consider defining a bean of type 'cn.bugstack.domain.strategy.service.IRaffleStock' in your configuration.

25-07-09.12:00:18.997 [main            ] ERROR TestContextManager     - Caught exception while allowing TestExecutionListener [org.springframework.test.context.web.ServletTestExecutionListener@710c2b53] to prepare test instance [cn.bugstack.test.domain.RaffleStrategyTest@1f782c05]
java.lang.IllegalStateException: Failed to load ApplicationContext
	at org.springframework.test.context.cache.DefaultCacheAwareContextLoaderDelegate.loadContext(DefaultCacheAwareContextLoaderDelegate.java:98)
	at org.springframework.test.context.support.DefaultTestContext.getApplicationContext(DefaultTestContext.java:124)
	at org.springframework.test.context.web.ServletTestExecutionListener.setUpRequestContextIfNecessary(ServletTestExecutionListener.java:190)
	at org.springframework.test.context.web.ServletTestExecutionListener.prepareTestInstance(ServletTestExecutionListener.java:132)
	at org.springframework.test.context.TestContextManager.prepareTestInstance(TestContextManager.java:248)
	at org.springframework.test.context.junit4.SpringJUnit4ClassRunner.createTest(SpringJUnit4ClassRunner.java:227)
	at org.springframework.test.context.junit4.SpringJUnit4ClassRunner$1.runReflectiveCall(SpringJUnit4ClassRunner.java:289)
	at org.junit.internal.runners.model.ReflectiveCallable.run(ReflectiveCallable.java:12)
	at org.springframework.test.context.junit4.SpringJUnit4ClassRunner.methodBlock(SpringJUnit4ClassRunner.java:291)
	at org.springframework.test.context.junit4.SpringJUnit4ClassRunner.runChild(SpringJUnit4ClassRunner.java:246)
	at org.springframework.test.context.junit4.SpringJUnit4ClassRunner.runChild(SpringJUnit4ClassRunner.java:97)
	at org.junit.runners.ParentRunner$4.run(ParentRunner.java:331)
	at org.junit.runners.ParentRunner$1.schedule(ParentRunner.java:79)
	at org.junit.runners.ParentRunner.runChildren(ParentRunner.java:329)
	at org.junit.runners.ParentRunner.access$100(ParentRunner.java:66)
	at org.junit.runners.ParentRunner$2.evaluate(ParentRunner.java:293)
	at org.springframework.test.context.junit4.statements.RunBeforeTestClassCallbacks.evaluate(RunBeforeTestClassCallbacks.java:61)
	at org.springframework.test.context.junit4.statements.RunAfterTestClassCallbacks.evaluate(RunAfterTestClassCallbacks.java:70)
	at org.junit.runners.ParentRunner$3.evaluate(ParentRunner.java:306)
	at org.junit.runners.ParentRunner.run(ParentRunner.java:413)
	at org.springframework.test.context.junit4.SpringJUnit4ClassRunner.run(SpringJUnit4ClassRunner.java:190)
	at org.junit.runner.JUnitCore.run(JUnitCore.java:137)
	at com.intellij.junit4.JUnit4IdeaTestRunner.startRunnerWithArgs(JUnit4IdeaTestRunner.java:69)
	at com.intellij.rt.junit.IdeaTestRunner$Repeater$1.execute(IdeaTestRunner.java:38)
	at com.intellij.rt.execution.junit.TestsRepeater.repeat(TestsRepeater.java:11)
	at com.intellij.rt.junit.IdeaTestRunner$Repeater.startRunnerWithArgs(IdeaTestRunner.java:35)
	at com.intellij.rt.junit.JUnitStarter.prepareStreamsAndStart(JUnitStarter.java:232)
	at com.intellij.rt.junit.JUnitStarter.main(JUnitStarter.java:55)
Caused by: org.springframework.beans.factory.BeanCreationException: Error creating bean with name 'updateAwardStockJob': Injection of resource dependencies failed; nested exception is org.springframework.beans.factory.NoSuchBeanDefinitionException: No qualifying bean of type 'cn.bugstack.domain.strategy.service.IRaffleStock' available: expected at least 1 bean which qualifies as autowire candidate. Dependency annotations: {@javax.annotation.Resource(shareable=true, lookup="", name="", description="", authenticationType=CONTAINER, type=java.lang.Object.class, mappedName="")}
	at org.springframework.context.annotation.CommonAnnotationBeanPostProcessor.postProcessProperties(CommonAnnotationBeanPostProcessor.java:332)
	at org.springframework.beans.factory.support.AbstractAutowireCapableBeanFactory.populateBean(AbstractAutowireCapableBeanFactory.java:1431)
	at org.springframework.beans.factory.support.AbstractAutowireCapableBeanFactory.doCreateBean(AbstractAutowireCapableBeanFactory.java:619)
	at org.springframework.beans.factory.support.AbstractAutowireCapableBeanFactory.createBean(AbstractAutowireCapableBeanFactory.java:542)
	at org.springframework.beans.factory.support.AbstractBeanFactory.lambda$doGetBean$0(AbstractBeanFactory.java:335)
	at org.springframework.beans.factory.support.DefaultSingletonBeanRegistry.getSingleton(DefaultSingletonBeanRegistry.java:234)
	at org.springframework.beans.factory.support.AbstractBeanFactory.doGetBean(AbstractBeanFactory.java:333)
	at org.springframework.beans.factory.support.AbstractBeanFactory.getBean(AbstractBeanFactory.java:208)
	at org.springframework.beans.factory.support.DefaultListableBeanFactory.preInstantiateSingletons(DefaultListableBeanFactory.java:955)
	at org.springframework.context.support.AbstractApplicationContext.finishBeanFactoryInitialization(AbstractApplicationContext.java:920)
	at org.springframework.context.support.AbstractApplicationContext.refresh(AbstractApplicationContext.java:583)
	at org.springframework.boot.SpringApplication.refresh(SpringApplication.java:731)
	at org.springframework.boot.SpringApplication.refreshContext(SpringApplication.java:408)
	at org.springframework.boot.SpringApplication.run(SpringApplication.java:307)
	at org.springframework.boot.test.context.SpringBootContextLoader.loadContext(SpringBootContextLoader.java:136)
	at org.springframework.test.context.cache.DefaultCacheAwareContextLoaderDelegate.loadContextInternal(DefaultCacheAwareContextLoaderDelegate.java:141)
	at org.springframework.test.context.cache.DefaultCacheAwareContextLoaderDelegate.loadContext(DefaultCacheAwareContextLoaderDelegate.java:90)
	... 27 common frames omitted
Caused by: org.springframework.beans.factory.NoSuchBeanDefinitionException: No qualifying bean of type 'cn.bugstack.domain.strategy.service.IRaffleStock' available: expected at least 1 bean which qualifies as autowire candidate. Dependency annotations: {@javax.annotation.Resource(shareable=true, lookup="", name="", description="", authenticationType=CONTAINER, type=java.lang.Object.class, mappedName="")}
	at org.springframework.beans.factory.support.DefaultListableBeanFactory.raiseNoMatchingBeanFound(DefaultListableBeanFactory.java:1801)
	at org.springframework.beans.factory.support.DefaultListableBeanFactory.doResolveDependency(DefaultListableBeanFactory.java:1357)
	at org.springframework.beans.factory.support.DefaultListableBeanFactory.resolveDependency(DefaultListableBeanFactory.java:1311)
	at org.springframework.context.annotation.CommonAnnotationBeanPostProcessor.autowireResource(CommonAnnotationBeanPostProcessor.java:544)
	at org.springframework.context.annotation.CommonAnnotationBeanPostProcessor.getResource(CommonAnnotationBeanPostProcessor.java:520)
	at org.springframework.context.annotation.CommonAnnotationBeanPostProcessor$ResourceElement.getResourceToInject(CommonAnnotationBeanPostProcessor.java:673)
	at org.springframework.beans.factory.annotation.InjectionMetadata$InjectedElement.inject(InjectionMetadata.java:228)
	at org.springframework.beans.factory.annotation.InjectionMetadata.inject(InjectionMetadata.java:119)
	at org.springframework.context.annotation.CommonAnnotationBeanPostProcessor.postProcessProperties(CommonAnnotationBeanPostProcessor.java:329)
	... 43 common frames omitted
25-07-09.14:02:15.734 [main            ] INFO  RaffleStrategyTest     - Starting RaffleStrategyTest using Java 18.0.2 on DESKTOP-0RF5ELK with PID 34200 (started by zhangxiuyu in D:\Java_project\big_market\big_market-app)
25-07-09.14:02:15.735 [main            ] INFO  RaffleStrategyTest     - The following 1 profile is active: "dev"
25-07-09.14:02:16.520 [main            ] INFO  RepositoryConfigurationDelegate - Multiple Spring Data modules found, entering strict repository configuration mode
25-07-09.14:02:16.523 [main            ] INFO  RepositoryConfigurationDelegate - Bootstrapping Spring Data Redis repositories in DEFAULT mode.
25-07-09.14:02:16.554 [main            ] INFO  RepositoryConfigurationDelegate - Finished Spring Data repository scanning in 15 ms. Found 0 Redis repository interfaces.
25-07-09.14:02:17.699 [main            ] INFO  Version                - Redisson 3.23.4
25-07-09.14:02:18.114 [redisson-netty-2-5] INFO  MasterPubSubConnectionPool - 1 connections initialized for 127.0.0.1/127.0.0.1:16379
25-07-09.14:02:18.138 [redisson-netty-2-13] INFO  MasterConnectionPool   - 5 connections initialized for 127.0.0.1/127.0.0.1:16379
25-07-09.14:02:19.536 [main            ] INFO  EndpointLinksResolver  - Exposing 1 endpoint(s) beneath base path '/actuator'
25-07-09.14:02:19.583 [main            ] INFO  RaffleStrategyTest     - Started RaffleStrategyTest in 4.278 seconds (JVM running for 5.223)
25-07-09.14:02:20.065 [main            ] INFO  HikariDataSource       - HikariPool-1 - Starting...
25-07-09.14:02:20.431 [main            ] INFO  HikariDataSource       - HikariPool-1 - Start completed.
25-07-09.14:02:20.568 [main            ] INFO  RaffleStrategyTest     - 测试结果：true
25-07-09.14:02:20.578 [main            ] INFO  DefaultLogicChain      - 抽奖责任链-默认处理 userId: xiaofuge strategyId: 100006 ruleModel: rule_default awardId: 0
25-07-09.14:02:20.579 [main            ] INFO  AbstractRaffleStrategy - 抽奖策略计算-责任链 xiaofuge 100006 0 rule_default
25-07-09.14:02:20.583 [main            ] INFO  AbstractRaffleStrategy - 抽奖策略计算-规则树 xiaofuge 100006 0 null
25-07-09.14:02:20.776 [main            ] INFO  RaffleStrategyTest     - 请求参数：{"strategyId":100006,"userId":"xiaofuge"}
25-07-09.14:02:20.779 [main            ] INFO  RaffleStrategyTest     - 测试结果：{"awardId":0}
25-07-09.14:02:20.783 [main            ] INFO  DefaultLogicChain      - 抽奖责任链-默认处理 userId: xiaofuge strategyId: 100006 ruleModel: rule_default awardId: 0
25-07-09.14:02:20.783 [main            ] INFO  AbstractRaffleStrategy - 抽奖策略计算-责任链 xiaofuge 100006 0 rule_default
25-07-09.14:02:20.785 [main            ] INFO  AbstractRaffleStrategy - 抽奖策略计算-规则树 xiaofuge 100006 0 null
25-07-09.14:02:20.786 [main            ] INFO  RaffleStrategyTest     - 请求参数：{"strategyId":100006,"userId":"xiaofuge"}
25-07-09.14:02:20.786 [main            ] INFO  RaffleStrategyTest     - 测试结果：{"awardId":0}
25-07-09.14:02:20.789 [main            ] INFO  DefaultLogicChain      - 抽奖责任链-默认处理 userId: xiaofuge strategyId: 100006 ruleModel: rule_default awardId: 0
25-07-09.14:02:20.789 [main            ] INFO  AbstractRaffleStrategy - 抽奖策略计算-责任链 xiaofuge 100006 0 rule_default
25-07-09.14:02:20.791 [main            ] INFO  AbstractRaffleStrategy - 抽奖策略计算-规则树 xiaofuge 100006 0 null
25-07-09.14:02:20.791 [main            ] INFO  RaffleStrategyTest     - 请求参数：{"strategyId":100006,"userId":"xiaofuge"}
25-07-09.14:02:20.792 [main            ] INFO  RaffleStrategyTest     - 测试结果：{"awardId":0}
25-07-09.14:02:35.885 [SpringApplicationShutdownHook] INFO  HikariDataSource       - HikariPool-1 - Shutdown initiated...
25-07-09.14:02:35.906 [SpringApplicationShutdownHook] INFO  HikariDataSource       - HikariPool-1 - Shutdown completed.
25-07-09.14:05:54.210 [main            ] INFO  RaffleStrategyTest     - Starting RaffleStrategyTest using Java 18.0.2 on DESKTOP-0RF5ELK with PID 30168 (started by zhangxiuyu in D:\Java_project\big_market\big_market-app)
25-07-09.14:05:54.211 [main            ] INFO  RaffleStrategyTest     - The following 1 profile is active: "dev"
25-07-09.14:05:54.957 [main            ] INFO  RepositoryConfigurationDelegate - Multiple Spring Data modules found, entering strict repository configuration mode
25-07-09.14:05:54.959 [main            ] INFO  RepositoryConfigurationDelegate - Bootstrapping Spring Data Redis repositories in DEFAULT mode.
25-07-09.14:05:54.990 [main            ] INFO  RepositoryConfigurationDelegate - Finished Spring Data repository scanning in 14 ms. Found 0 Redis repository interfaces.
25-07-09.14:05:55.985 [main            ] INFO  Version                - Redisson 3.23.4
25-07-09.14:05:56.397 [redisson-netty-2-4] INFO  MasterPubSubConnectionPool - 1 connections initialized for 127.0.0.1/127.0.0.1:16379
25-07-09.14:05:56.420 [redisson-netty-2-13] INFO  MasterConnectionPool   - 5 connections initialized for 127.0.0.1/127.0.0.1:16379
25-07-09.14:05:57.837 [main            ] INFO  EndpointLinksResolver  - Exposing 1 endpoint(s) beneath base path '/actuator'
25-07-09.14:05:57.888 [main            ] INFO  RaffleStrategyTest     - Started RaffleStrategyTest in 4.083 seconds (JVM running for 4.861)
25-07-09.14:05:58.406 [main            ] INFO  RaffleStrategyTest     - 测试结果：true
25-07-09.14:05:58.422 [main            ] INFO  HikariDataSource       - HikariPool-1 - Starting...
25-07-09.14:05:58.698 [main            ] INFO  HikariDataSource       - HikariPool-1 - Start completed.
25-07-09.14:05:58.737 [main            ] INFO  BlackListLogicChain    - 抽奖责任链-黑名单开始 userId: user003 strategyId: 100001 ruleModel: rule_blacklist
25-07-09.14:05:58.759 [main            ] INFO  BlackListLogicChain    - 抽奖责任链-黑名单接管 userId: user003 strategyId: 100001 ruleModel: rule_blacklist awardId: 100
25-07-09.14:05:58.760 [main            ] INFO  AbstractRaffleStrategy - 抽奖策略计算-责任链 user003 100001 100 rule_blacklist
25-07-09.14:05:58.891 [main            ] INFO  RaffleStrategyTest     - 请求参数：{"strategyId":100001,"userId":"user003"}
25-07-09.14:05:58.898 [main            ] INFO  RaffleStrategyTest     - 测试结果：{"awardId":100}
25-07-09.14:05:58.941 [SpringApplicationShutdownHook] INFO  HikariDataSource       - HikariPool-1 - Shutdown initiated...
25-07-09.14:05:58.953 [SpringApplicationShutdownHook] INFO  HikariDataSource       - HikariPool-1 - Shutdown completed.
25-07-09.14:06:05.857 [main            ] INFO  RaffleStrategyTest     - Starting RaffleStrategyTest using Java 18.0.2 on DESKTOP-0RF5ELK with PID 8848 (started by zhangxiuyu in D:\Java_project\big_market\big_market-app)
25-07-09.14:06:05.858 [main            ] INFO  RaffleStrategyTest     - The following 1 profile is active: "dev"
25-07-09.14:06:06.599 [main            ] INFO  RepositoryConfigurationDelegate - Multiple Spring Data modules found, entering strict repository configuration mode
25-07-09.14:06:06.601 [main            ] INFO  RepositoryConfigurationDelegate - Bootstrapping Spring Data Redis repositories in DEFAULT mode.
25-07-09.14:06:06.634 [main            ] INFO  RepositoryConfigurationDelegate - Finished Spring Data repository scanning in 18 ms. Found 0 Redis repository interfaces.
25-07-09.14:06:07.598 [main            ] INFO  Version                - Redisson 3.23.4
25-07-09.14:06:07.938 [redisson-netty-2-4] INFO  MasterPubSubConnectionPool - 1 connections initialized for 127.0.0.1/127.0.0.1:16379
25-07-09.14:06:07.956 [redisson-netty-2-13] INFO  MasterConnectionPool   - 5 connections initialized for 127.0.0.1/127.0.0.1:16379
25-07-09.14:06:09.235 [main            ] INFO  EndpointLinksResolver  - Exposing 1 endpoint(s) beneath base path '/actuator'
25-07-09.14:06:09.274 [main            ] INFO  RaffleStrategyTest     - Started RaffleStrategyTest in 3.823 seconds (JVM running for 4.545)
25-07-09.14:06:09.746 [main            ] INFO  RaffleStrategyTest     - 测试结果：true
25-07-09.14:06:09.753 [main            ] INFO  DefaultLogicChain      - 抽奖责任链-默认处理 userId: xiaofuge strategyId: 100006 ruleModel: rule_default awardId: 0
25-07-09.14:06:09.754 [main            ] INFO  AbstractRaffleStrategy - 抽奖策略计算-责任链 xiaofuge 100006 0 rule_default
25-07-09.14:06:09.768 [main            ] INFO  HikariDataSource       - HikariPool-1 - Starting...
25-07-09.14:06:10.050 [main            ] INFO  HikariDataSource       - HikariPool-1 - Start completed.
25-07-09.14:06:10.079 [main            ] INFO  AbstractRaffleStrategy - 抽奖策略计算-规则树 xiaofuge 100006 0 null
25-07-09.14:06:10.198 [main            ] INFO  RaffleStrategyTest     - 请求参数：{"strategyId":100006,"userId":"xiaofuge"}
25-07-09.14:06:10.202 [main            ] INFO  RaffleStrategyTest     - 测试结果：{"awardId":0}
25-07-09.14:06:10.207 [main            ] INFO  DefaultLogicChain      - 抽奖责任链-默认处理 userId: xiaofuge strategyId: 100006 ruleModel: rule_default awardId: 0
25-07-09.14:06:10.207 [main            ] INFO  AbstractRaffleStrategy - 抽奖策略计算-责任链 xiaofuge 100006 0 rule_default
25-07-09.14:06:10.209 [main            ] INFO  AbstractRaffleStrategy - 抽奖策略计算-规则树 xiaofuge 100006 0 null
25-07-09.14:06:10.209 [main            ] INFO  RaffleStrategyTest     - 请求参数：{"strategyId":100006,"userId":"xiaofuge"}
25-07-09.14:06:10.209 [main            ] INFO  RaffleStrategyTest     - 测试结果：{"awardId":0}
25-07-09.14:06:10.213 [main            ] INFO  DefaultLogicChain      - 抽奖责任链-默认处理 userId: xiaofuge strategyId: 100006 ruleModel: rule_default awardId: 0
25-07-09.14:06:10.213 [main            ] INFO  AbstractRaffleStrategy - 抽奖策略计算-责任链 xiaofuge 100006 0 rule_default
25-07-09.14:06:10.215 [main            ] INFO  AbstractRaffleStrategy - 抽奖策略计算-规则树 xiaofuge 100006 0 null
25-07-09.14:06:10.215 [main            ] INFO  RaffleStrategyTest     - 请求参数：{"strategyId":100006,"userId":"xiaofuge"}
25-07-09.14:06:10.215 [main            ] INFO  RaffleStrategyTest     - 测试结果：{"awardId":0}
25-07-09.14:06:41.688 [SpringApplicationShutdownHook] INFO  HikariDataSource       - HikariPool-1 - Shutdown initiated...
25-07-09.14:06:41.700 [SpringApplicationShutdownHook] INFO  HikariDataSource       - HikariPool-1 - Shutdown completed.
25-07-09.14:07:31.938 [main            ] INFO  RaffleStrategyTest     - Starting RaffleStrategyTest using Java 18.0.2 on DESKTOP-0RF5ELK with PID 3588 (started by zhangxiuyu in D:\Java_project\big_market\big_market-app)
25-07-09.14:07:31.939 [main            ] INFO  RaffleStrategyTest     - The following 1 profile is active: "dev"
25-07-09.14:07:32.627 [main            ] INFO  RepositoryConfigurationDelegate - Multiple Spring Data modules found, entering strict repository configuration mode
25-07-09.14:07:32.630 [main            ] INFO  RepositoryConfigurationDelegate - Bootstrapping Spring Data Redis repositories in DEFAULT mode.
25-07-09.14:07:32.661 [main            ] INFO  RepositoryConfigurationDelegate - Finished Spring Data repository scanning in 14 ms. Found 0 Redis repository interfaces.
25-07-09.14:07:33.692 [main            ] INFO  Version                - Redisson 3.23.4
25-07-09.14:07:34.043 [redisson-netty-2-4] INFO  MasterPubSubConnectionPool - 1 connections initialized for 127.0.0.1/127.0.0.1:16379
25-07-09.14:07:34.064 [redisson-netty-2-13] INFO  MasterConnectionPool   - 5 connections initialized for 127.0.0.1/127.0.0.1:16379
25-07-09.14:07:35.473 [main            ] INFO  EndpointLinksResolver  - Exposing 1 endpoint(s) beneath base path '/actuator'
25-07-09.14:07:35.524 [main            ] INFO  RaffleStrategyTest     - Started RaffleStrategyTest in 3.978 seconds (JVM running for 4.749)
25-07-09.14:07:36.010 [main            ] INFO  RaffleStrategyTest     - 测试结果：true
25-07-09.14:07:36.018 [main            ] INFO  DefaultLogicChain      - 抽奖责任链-默认处理 userId: xiaofuge strategyId: 100006 ruleModel: rule_default awardId: 0
25-07-09.14:07:36.018 [main            ] INFO  AbstractRaffleStrategy - 抽奖策略计算-责任链 xiaofuge 100006 0 rule_default
25-07-09.14:07:36.036 [main            ] INFO  HikariDataSource       - HikariPool-1 - Starting...
25-07-09.14:07:36.345 [main            ] INFO  HikariDataSource       - HikariPool-1 - Start completed.
25-07-09.14:07:36.375 [main            ] INFO  AbstractRaffleStrategy - 抽奖策略计算-规则树 xiaofuge 100006 0 null
25-07-09.14:07:36.486 [main            ] INFO  RaffleStrategyTest     - 请求参数：{"strategyId":100006,"userId":"xiaofuge"}
25-07-09.14:07:36.489 [main            ] INFO  RaffleStrategyTest     - 测试结果：{"awardId":0}
25-07-09.14:07:36.493 [main            ] INFO  DefaultLogicChain      - 抽奖责任链-默认处理 userId: xiaofuge strategyId: 100006 ruleModel: rule_default awardId: 0
25-07-09.14:07:36.493 [main            ] INFO  AbstractRaffleStrategy - 抽奖策略计算-责任链 xiaofuge 100006 0 rule_default
25-07-09.14:07:36.496 [main            ] INFO  AbstractRaffleStrategy - 抽奖策略计算-规则树 xiaofuge 100006 0 null
25-07-09.14:07:36.496 [main            ] INFO  RaffleStrategyTest     - 请求参数：{"strategyId":100006,"userId":"xiaofuge"}
25-07-09.14:07:36.496 [main            ] INFO  RaffleStrategyTest     - 测试结果：{"awardId":0}
25-07-09.14:07:36.500 [main            ] INFO  DefaultLogicChain      - 抽奖责任链-默认处理 userId: xiaofuge strategyId: 100006 ruleModel: rule_default awardId: 0
25-07-09.14:07:36.500 [main            ] INFO  AbstractRaffleStrategy - 抽奖策略计算-责任链 xiaofuge 100006 0 rule_default
25-07-09.14:07:36.503 [main            ] INFO  AbstractRaffleStrategy - 抽奖策略计算-规则树 xiaofuge 100006 0 null
25-07-09.14:07:36.503 [main            ] INFO  RaffleStrategyTest     - 请求参数：{"strategyId":100006,"userId":"xiaofuge"}
25-07-09.14:07:36.503 [main            ] INFO  RaffleStrategyTest     - 测试结果：{"awardId":0}
25-07-09.14:08:09.469 [SpringApplicationShutdownHook] INFO  HikariDataSource       - HikariPool-1 - Shutdown initiated...
25-07-09.14:08:09.481 [SpringApplicationShutdownHook] INFO  HikariDataSource       - HikariPool-1 - Shutdown completed.
25-07-09.14:08:15.085 [main            ] INFO  RaffleStrategyTest     - Starting RaffleStrategyTest using Java 18.0.2 on DESKTOP-0RF5ELK with PID 17728 (started by zhangxiuyu in D:\Java_project\big_market\big_market-app)
25-07-09.14:08:15.086 [main            ] INFO  RaffleStrategyTest     - The following 1 profile is active: "dev"
25-07-09.14:08:15.776 [main            ] INFO  RepositoryConfigurationDelegate - Multiple Spring Data modules found, entering strict repository configuration mode
25-07-09.14:08:15.778 [main            ] INFO  RepositoryConfigurationDelegate - Bootstrapping Spring Data Redis repositories in DEFAULT mode.
25-07-09.14:08:15.809 [main            ] INFO  RepositoryConfigurationDelegate - Finished Spring Data repository scanning in 17 ms. Found 0 Redis repository interfaces.
25-07-09.14:08:16.741 [main            ] INFO  Version                - Redisson 3.23.4
25-07-09.14:08:17.094 [redisson-netty-2-4] INFO  MasterPubSubConnectionPool - 1 connections initialized for 127.0.0.1/127.0.0.1:16379
25-07-09.14:08:17.110 [redisson-netty-2-13] INFO  MasterConnectionPool   - 5 connections initialized for 127.0.0.1/127.0.0.1:16379
25-07-09.14:08:18.331 [main            ] INFO  EndpointLinksResolver  - Exposing 1 endpoint(s) beneath base path '/actuator'
25-07-09.14:08:18.374 [main            ] INFO  RaffleStrategyTest     - Started RaffleStrategyTest in 3.671 seconds (JVM running for 4.372)
25-07-09.14:08:18.845 [main            ] INFO  RaffleStrategyTest     - 测试结果：true
25-07-09.14:08:18.945 [main            ] INFO  RaffleStrategyTest     - 测试结果：null
25-07-09.14:08:42.075 [main            ] INFO  RaffleStrategyTest     - Starting RaffleStrategyTest using Java 18.0.2 on DESKTOP-0RF5ELK with PID 35204 (started by zhangxiuyu in D:\Java_project\big_market\big_market-app)
25-07-09.14:08:42.076 [main            ] INFO  RaffleStrategyTest     - The following 1 profile is active: "dev"
25-07-09.14:08:42.779 [main            ] INFO  RepositoryConfigurationDelegate - Multiple Spring Data modules found, entering strict repository configuration mode
25-07-09.14:08:42.782 [main            ] INFO  RepositoryConfigurationDelegate - Bootstrapping Spring Data Redis repositories in DEFAULT mode.
25-07-09.14:08:42.811 [main            ] INFO  RepositoryConfigurationDelegate - Finished Spring Data repository scanning in 15 ms. Found 0 Redis repository interfaces.
25-07-09.14:08:43.812 [main            ] INFO  Version                - Redisson 3.23.4
25-07-09.14:08:44.177 [redisson-netty-2-4] INFO  MasterPubSubConnectionPool - 1 connections initialized for 127.0.0.1/127.0.0.1:16379
25-07-09.14:08:44.196 [redisson-netty-2-13] INFO  MasterConnectionPool   - 5 connections initialized for 127.0.0.1/127.0.0.1:16379
25-07-09.14:08:45.465 [main            ] INFO  EndpointLinksResolver  - Exposing 1 endpoint(s) beneath base path '/actuator'
25-07-09.14:08:45.508 [main            ] INFO  RaffleStrategyTest     - Started RaffleStrategyTest in 3.813 seconds (JVM running for 4.528)
25-07-09.14:08:45.925 [main            ] INFO  HikariDataSource       - HikariPool-1 - Starting...
25-07-09.14:08:46.219 [main            ] INFO  HikariDataSource       - HikariPool-1 - Start completed.
25-07-09.14:08:46.314 [main            ] INFO  RaffleStrategyTest     - 测试结果：true
25-07-09.14:08:46.321 [main            ] INFO  DefaultLogicChain      - 抽奖责任链-默认处理 userId: xiaofuge strategyId: 100006 ruleModel: rule_default awardId: 0
25-07-09.14:08:46.321 [main            ] INFO  AbstractRaffleStrategy - 抽奖策略计算-责任链 xiaofuge 100006 0 rule_default
25-07-09.14:08:46.324 [main            ] INFO  AbstractRaffleStrategy - 抽奖策略计算-规则树 xiaofuge 100006 0 null
25-07-09.14:08:46.492 [main            ] INFO  RaffleStrategyTest     - 请求参数：{"strategyId":100006,"userId":"xiaofuge"}
25-07-09.14:08:46.495 [main            ] INFO  RaffleStrategyTest     - 测试结果：{"awardId":0}
25-07-09.14:08:46.498 [main            ] INFO  DefaultLogicChain      - 抽奖责任链-默认处理 userId: xiaofuge strategyId: 100006 ruleModel: rule_default awardId: 0
25-07-09.14:08:46.498 [main            ] INFO  AbstractRaffleStrategy - 抽奖策略计算-责任链 xiaofuge 100006 0 rule_default
25-07-09.14:08:46.500 [main            ] INFO  AbstractRaffleStrategy - 抽奖策略计算-规则树 xiaofuge 100006 0 null
25-07-09.14:08:46.500 [main            ] INFO  RaffleStrategyTest     - 请求参数：{"strategyId":100006,"userId":"xiaofuge"}
25-07-09.14:08:46.500 [main            ] INFO  RaffleStrategyTest     - 测试结果：{"awardId":0}
25-07-09.14:08:46.504 [main            ] INFO  DefaultLogicChain      - 抽奖责任链-默认处理 userId: xiaofuge strategyId: 100006 ruleModel: rule_default awardId: 0
25-07-09.14:08:46.504 [main            ] INFO  AbstractRaffleStrategy - 抽奖策略计算-责任链 xiaofuge 100006 0 rule_default
25-07-09.14:08:46.506 [main            ] INFO  AbstractRaffleStrategy - 抽奖策略计算-规则树 xiaofuge 100006 0 null
25-07-09.14:08:46.506 [main            ] INFO  RaffleStrategyTest     - 请求参数：{"strategyId":100006,"userId":"xiaofuge"}
25-07-09.14:08:46.506 [main            ] INFO  RaffleStrategyTest     - 测试结果：{"awardId":0}
25-07-09.14:10:16.176 [SpringApplicationShutdownHook] INFO  HikariDataSource       - HikariPool-1 - Shutdown initiated...
25-07-09.14:10:16.189 [SpringApplicationShutdownHook] INFO  HikariDataSource       - HikariPool-1 - Shutdown completed.
25-07-09.14:10:22.101 [main            ] INFO  RaffleStrategyTest     - Starting RaffleStrategyTest using Java 18.0.2 on DESKTOP-0RF5ELK with PID 33272 (started by zhangxiuyu in D:\Java_project\big_market\big_market-app)
25-07-09.14:10:22.102 [main            ] INFO  RaffleStrategyTest     - The following 1 profile is active: "dev"
25-07-09.14:10:22.851 [main            ] INFO  RepositoryConfigurationDelegate - Multiple Spring Data modules found, entering strict repository configuration mode
25-07-09.14:10:22.853 [main            ] INFO  RepositoryConfigurationDelegate - Bootstrapping Spring Data Redis repositories in DEFAULT mode.
25-07-09.14:10:22.876 [main            ] INFO  RepositoryConfigurationDelegate - Finished Spring Data repository scanning in 12 ms. Found 0 Redis repository interfaces.
25-07-09.14:10:23.874 [main            ] INFO  Version                - Redisson 3.23.4
25-07-09.14:10:24.189 [redisson-netty-2-5] INFO  MasterPubSubConnectionPool - 1 connections initialized for 127.0.0.1/127.0.0.1:16379
25-07-09.14:10:24.207 [redisson-netty-2-13] INFO  MasterConnectionPool   - 5 connections initialized for 127.0.0.1/127.0.0.1:16379
25-07-09.14:10:25.443 [main            ] INFO  EndpointLinksResolver  - Exposing 1 endpoint(s) beneath base path '/actuator'
25-07-09.14:10:25.484 [main            ] INFO  RaffleStrategyTest     - Started RaffleStrategyTest in 3.851 seconds (JVM running for 4.584)
25-07-09.14:10:25.926 [main            ] INFO  RaffleStrategyTest     - 测试结果：true
25-07-09.14:10:25.933 [main            ] INFO  DefaultLogicChain      - 抽奖责任链-默认处理 userId: xiaofuge strategyId: 100006 ruleModel: rule_default awardId: 0
25-07-09.14:10:25.934 [main            ] INFO  AbstractRaffleStrategy - 抽奖策略计算-责任链 xiaofuge 100006 0 rule_default
25-07-09.14:10:25.947 [main            ] INFO  HikariDataSource       - HikariPool-1 - Starting...
25-07-09.14:10:26.216 [main            ] INFO  HikariDataSource       - HikariPool-1 - Start completed.
25-07-09.14:10:26.243 [main            ] INFO  AbstractRaffleStrategy - 抽奖策略计算-规则树 xiaofuge 100006 0 null
25-07-09.14:10:26.340 [main            ] INFO  RaffleStrategyTest     - 请求参数：{"strategyId":100006,"userId":"xiaofuge"}
25-07-09.14:10:26.343 [main            ] INFO  RaffleStrategyTest     - 测试结果：{"awardId":0}
25-07-09.14:10:26.347 [main            ] INFO  DefaultLogicChain      - 抽奖责任链-默认处理 userId: xiaofuge strategyId: 100006 ruleModel: rule_default awardId: 0
25-07-09.14:10:26.347 [main            ] INFO  AbstractRaffleStrategy - 抽奖策略计算-责任链 xiaofuge 100006 0 rule_default
25-07-09.14:10:26.349 [main            ] INFO  AbstractRaffleStrategy - 抽奖策略计算-规则树 xiaofuge 100006 0 null
25-07-09.14:10:26.349 [main            ] INFO  RaffleStrategyTest     - 请求参数：{"strategyId":100006,"userId":"xiaofuge"}
25-07-09.14:10:26.349 [main            ] INFO  RaffleStrategyTest     - 测试结果：{"awardId":0}
25-07-09.14:10:26.352 [main            ] INFO  DefaultLogicChain      - 抽奖责任链-默认处理 userId: xiaofuge strategyId: 100006 ruleModel: rule_default awardId: 0
25-07-09.14:10:26.353 [main            ] INFO  AbstractRaffleStrategy - 抽奖策略计算-责任链 xiaofuge 100006 0 rule_default
25-07-09.14:10:26.355 [main            ] INFO  AbstractRaffleStrategy - 抽奖策略计算-规则树 xiaofuge 100006 0 null
25-07-09.14:10:26.355 [main            ] INFO  RaffleStrategyTest     - 请求参数：{"strategyId":100006,"userId":"xiaofuge"}
25-07-09.14:10:26.355 [main            ] INFO  RaffleStrategyTest     - 测试结果：{"awardId":0}
25-07-09.14:16:55.208 [SpringApplicationShutdownHook] INFO  HikariDataSource       - HikariPool-1 - Shutdown initiated...
25-07-09.14:16:55.230 [SpringApplicationShutdownHook] INFO  HikariDataSource       - HikariPool-1 - Shutdown completed.
