25-07-17.00:16:36.985 [main            ] INFO  RaffleOrderTest        - Starting RaffleOrderTest using Java 18.0.2 on LAPTOP-JQ369557 with PID 33252 (started by zxy in D:\Java_project\big_market\big_market-app)
25-07-17.00:16:36.988 [main            ] INFO  RaffleOrderTest        - The following 1 profile is active: "dev"
25-07-17.00:16:38.590 [main            ] INFO  RepositoryConfigurationDelegate - Multiple Spring Data modules found, entering strict repository configuration mode
25-07-17.00:16:38.595 [main            ] INFO  RepositoryConfigurationDelegate - Bootstrapping Spring Data Redis repositories in DEFAULT mode.
25-07-17.00:16:38.664 [main            ] INFO  RepositoryConfigurationDelegate - Finished Spring Data repository scanning in 42 ms. Found 0 Redis repository interfaces.
25-07-17.00:16:41.041 [main            ] INFO  Version                - Redisson 3.23.4
25-07-17.00:16:41.959 [redisson-netty-2-4] INFO  MasterPubSubConnectionPool - 1 connections initialized for 127.0.0.1/127.0.0.1:16379
25-07-17.00:16:42.000 [redisson-netty-2-13] INFO  MasterConnectionPool   - 5 connections initialized for 127.0.0.1/127.0.0.1:16379
25-07-17.00:16:47.262 [main            ] INFO  EndpointLinksResolver  - Exposing 1 endpoint(s) beneath base path '/actuator'
25-07-17.00:16:47.424 [main            ] INFO  CachingConnectionFactory - Attempting to connect to: [127.0.0.1:5672]
25-07-17.00:16:47.584 [main            ] INFO  CachingConnectionFactory - Created new connection: rabbitConnectionFactory#3cf70afa:0/SimpleConnection@3d763ae5 [delegate=amqp://admin@127.0.0.1:5672/, localPort= 56706]
25-07-17.00:16:47.770 [main            ] INFO  RaffleOrderTest        - Started RaffleOrderTest in 11.514 seconds (JVM running for 13.022)
25-07-17.00:16:48.640 [main            ] INFO  HikariDataSource       - Retail_HikariCP - Starting...
25-07-17.00:16:49.097 [main            ] INFO  HikariDataSource       - Retail_HikariCP - Start completed.
25-07-17.00:16:49.435 [main            ] INFO  RaffleOrderTest        - 装配活动：true
25-07-17.00:16:49.504 [main            ] INFO  ActivityBaseActionChain - 活动责任链-基础信息【有效期、状态、库存(sku)】校验开始。sku:9011 activityId:100301
25-07-17.00:16:49.583 [org.springframework.amqp.rabbit.RabbitListenerEndpointContainer#0-2] INFO  SimpleMessageListenerContainer - Waiting for workers to finish.
25-07-17.00:16:49.770 [org.springframework.amqp.rabbit.RabbitListenerEndpointContainer#0-2] INFO  SimpleMessageListenerContainer - Successfully waited for workers to finish.
25-07-17.00:16:49.776 [SpringApplicationShutdownHook] INFO  SimpleMessageListenerContainer - Shutdown ignored - container is already stopped
25-07-17.00:18:41.019 [main            ] INFO  RaffleOrderTest        - Starting RaffleOrderTest using Java 18.0.2 on LAPTOP-JQ369557 with PID 39428 (started by zxy in D:\Java_project\big_market\big_market-app)
25-07-17.00:18:41.022 [main            ] INFO  RaffleOrderTest        - The following 1 profile is active: "dev"
25-07-17.00:18:42.505 [main            ] INFO  RepositoryConfigurationDelegate - Multiple Spring Data modules found, entering strict repository configuration mode
25-07-17.00:18:42.509 [main            ] INFO  RepositoryConfigurationDelegate - Bootstrapping Spring Data Redis repositories in DEFAULT mode.
25-07-17.00:18:42.566 [main            ] INFO  RepositoryConfigurationDelegate - Finished Spring Data repository scanning in 42 ms. Found 0 Redis repository interfaces.
25-07-17.00:18:44.909 [main            ] INFO  Version                - Redisson 3.23.4
25-07-17.00:18:45.777 [redisson-netty-2-4] INFO  MasterPubSubConnectionPool - 1 connections initialized for 127.0.0.1/127.0.0.1:16379
25-07-17.00:18:45.810 [redisson-netty-2-13] INFO  MasterConnectionPool   - 5 connections initialized for 127.0.0.1/127.0.0.1:16379
25-07-17.00:18:50.050 [main            ] INFO  EndpointLinksResolver  - Exposing 1 endpoint(s) beneath base path '/actuator'
25-07-17.00:18:50.283 [main            ] INFO  CachingConnectionFactory - Attempting to connect to: [127.0.0.1:5672]
25-07-17.00:18:50.385 [main            ] INFO  CachingConnectionFactory - Created new connection: rabbitConnectionFactory#3063be68:0/SimpleConnection@7940b729 [delegate=amqp://admin@127.0.0.1:5672/, localPort= 57180]
25-07-17.00:18:50.597 [main            ] INFO  RaffleOrderTest        - Started RaffleOrderTest in 10.363 seconds (JVM running for 11.679)
25-07-17.00:18:51.337 [main            ] INFO  HikariDataSource       - Retail_HikariCP - Starting...
25-07-17.00:18:51.659 [main            ] INFO  HikariDataSource       - Retail_HikariCP - Start completed.
25-07-17.00:18:51.799 [main            ] INFO  RaffleOrderTest        - 装配活动：true
25-07-17.00:18:51.846 [main            ] INFO  ActivityBaseActionChain - 活动责任链-基础信息【有效期、状态、库存(sku)】校验开始。sku:9011 activityId:100301
25-07-17.00:18:51.891 [org.springframework.amqp.rabbit.RabbitListenerEndpointContainer#0-2] INFO  SimpleMessageListenerContainer - Waiting for workers to finish.
25-07-17.00:18:52.595 [org.springframework.amqp.rabbit.RabbitListenerEndpointContainer#0-2] INFO  SimpleMessageListenerContainer - Successfully waited for workers to finish.
25-07-17.00:18:52.597 [SpringApplicationShutdownHook] INFO  SimpleMessageListenerContainer - Shutdown ignored - container is already stopped
25-07-17.00:22:50.012 [main            ] INFO  RaffleOrderTest        - Starting RaffleOrderTest using Java 18.0.2 on LAPTOP-JQ369557 with PID 4540 (started by zxy in D:\Java_project\big_market\big_market-app)
25-07-17.00:22:50.013 [main            ] INFO  RaffleOrderTest        - The following 1 profile is active: "dev"
25-07-17.00:22:51.467 [main            ] INFO  RepositoryConfigurationDelegate - Multiple Spring Data modules found, entering strict repository configuration mode
25-07-17.00:22:51.474 [main            ] INFO  RepositoryConfigurationDelegate - Bootstrapping Spring Data Redis repositories in DEFAULT mode.
25-07-17.00:22:51.538 [main            ] INFO  RepositoryConfigurationDelegate - Finished Spring Data repository scanning in 43 ms. Found 0 Redis repository interfaces.
25-07-17.00:22:53.966 [main            ] INFO  Version                - Redisson 3.23.4
25-07-17.00:22:54.823 [redisson-netty-2-4] INFO  MasterPubSubConnectionPool - 1 connections initialized for 127.0.0.1/127.0.0.1:16379
25-07-17.00:22:54.857 [redisson-netty-2-13] INFO  MasterConnectionPool   - 5 connections initialized for 127.0.0.1/127.0.0.1:16379
25-07-17.00:22:59.422 [main            ] INFO  EndpointLinksResolver  - Exposing 1 endpoint(s) beneath base path '/actuator'
25-07-17.00:22:59.587 [main            ] INFO  CachingConnectionFactory - Attempting to connect to: [127.0.0.1:5672]
25-07-17.00:22:59.653 [main            ] INFO  CachingConnectionFactory - Created new connection: rabbitConnectionFactory#3063be68:0/SimpleConnection@7940b729 [delegate=amqp://admin@127.0.0.1:5672/, localPort= 51739]
25-07-17.00:22:59.772 [main            ] INFO  RaffleOrderTest        - Started RaffleOrderTest in 10.579 seconds (JVM running for 12.116)
25-07-17.00:23:00.423 [main            ] INFO  HikariDataSource       - Retail_HikariCP - Starting...
25-07-17.00:23:00.748 [main            ] INFO  HikariDataSource       - Retail_HikariCP - Start completed.
25-07-17.00:23:00.898 [main            ] INFO  RaffleOrderTest        - 装配活动：true
25-07-17.00:23:00.967 [main            ] INFO  ActivityBaseActionChain - 活动责任链-基础信息【有效期、状态、库存(sku)】校验开始。sku:9011 activityId:100301
25-07-17.00:23:01.036 [org.springframework.amqp.rabbit.RabbitListenerEndpointContainer#0-2] INFO  SimpleMessageListenerContainer - Waiting for workers to finish.
25-07-17.00:23:01.763 [org.springframework.amqp.rabbit.RabbitListenerEndpointContainer#0-2] INFO  SimpleMessageListenerContainer - Successfully waited for workers to finish.
25-07-17.00:23:01.765 [SpringApplicationShutdownHook] INFO  SimpleMessageListenerContainer - Shutdown ignored - container is already stopped
25-07-17.10:47:06.856 [main            ] INFO  RaffleOrderTest        - Starting RaffleOrderTest using Java 18.0.2 on LAPTOP-JQ369557 with PID 22772 (started by zxy in D:\Java_project\big_market\big_market-app)
25-07-17.10:47:06.857 [main            ] INFO  RaffleOrderTest        - The following 1 profile is active: "dev"
25-07-17.10:47:08.395 [main            ] INFO  RepositoryConfigurationDelegate - Multiple Spring Data modules found, entering strict repository configuration mode
25-07-17.10:47:08.398 [main            ] INFO  RepositoryConfigurationDelegate - Bootstrapping Spring Data Redis repositories in DEFAULT mode.
25-07-17.10:47:08.463 [main            ] INFO  RepositoryConfigurationDelegate - Finished Spring Data repository scanning in 44 ms. Found 0 Redis repository interfaces.
25-07-17.10:47:10.897 [main            ] INFO  Version                - Redisson 3.23.4
25-07-17.10:47:11.727 [redisson-netty-2-4] INFO  MasterPubSubConnectionPool - 1 connections initialized for 127.0.0.1/127.0.0.1:16379
25-07-17.10:47:11.756 [redisson-netty-2-13] INFO  MasterConnectionPool   - 5 connections initialized for 127.0.0.1/127.0.0.1:16379
25-07-17.10:47:16.774 [main            ] INFO  EndpointLinksResolver  - Exposing 1 endpoint(s) beneath base path '/actuator'
25-07-17.10:47:16.927 [main            ] INFO  CachingConnectionFactory - Attempting to connect to: [127.0.0.1:5672]
25-07-17.10:47:17.025 [main            ] INFO  CachingConnectionFactory - Created new connection: rabbitConnectionFactory#66dd04e2:0/SimpleConnection@59cb10e0 [delegate=amqp://admin@127.0.0.1:5672/, localPort= 60298]
25-07-17.10:47:17.131 [main            ] INFO  RaffleOrderTest        - Started RaffleOrderTest in 10.919 seconds (JVM running for 12.571)
25-07-17.10:47:17.973 [main            ] INFO  HikariDataSource       - Retail_HikariCP - Starting...
25-07-17.10:47:18.353 [main            ] INFO  HikariDataSource       - Retail_HikariCP - Start completed.
25-07-17.10:47:18.574 [main            ] INFO  RaffleOrderTest        - 装配活动：true
25-07-17.10:47:18.654 [main            ] INFO  ActivityBaseActionChain - 活动责任链-基础信息【有效期、状态、库存(sku)】校验开始。sku:9011 activityId:100301
25-07-17.10:47:18.654 [main            ] INFO  ActivitySkuStockActionChain - 活动责任链-商品库存处理【有效期、状态、库存(sku)】开始。sku:9011 activityId:100301
25-07-17.10:47:18.663 [main            ] INFO  ActivitySkuStockActionChain - 活动责任链-商品库存处理【有效期、状态、库存(sku)】成功。sku:9011 activityId:100301
25-07-17.10:47:18.783 [main            ] INFO  HikariDataSource       - Retail_HikariCP - Starting...
25-07-17.10:47:18.829 [main            ] INFO  HikariDataSource       - Retail_HikariCP - Start completed.
25-07-17.10:47:19.019 [main            ] INFO  RaffleOrderTest        - 测试结果：099380317837
25-07-17.10:47:19.031 [main            ] INFO  ActivityBaseActionChain - 活动责任链-基础信息【有效期、状态、库存(sku)】校验开始。sku:9011 activityId:100301
25-07-17.10:47:19.031 [main            ] INFO  ActivitySkuStockActionChain - 活动责任链-商品库存处理【有效期、状态、库存(sku)】开始。sku:9011 activityId:100301
25-07-17.10:47:19.040 [main            ] INFO  ActivitySkuStockActionChain - 活动责任链-商品库存处理【有效期、状态、库存(sku)】成功。sku:9011 activityId:100301
25-07-17.10:47:19.074 [main            ] INFO  RaffleOrderTest        - 测试结果：612141943895
25-07-17.10:47:19.088 [main            ] INFO  ActivityBaseActionChain - 活动责任链-基础信息【有效期、状态、库存(sku)】校验开始。sku:9011 activityId:100301
25-07-17.10:47:19.088 [main            ] INFO  ActivitySkuStockActionChain - 活动责任链-商品库存处理【有效期、状态、库存(sku)】开始。sku:9011 activityId:100301
25-07-17.10:47:19.097 [main            ] INFO  ActivitySkuStockActionChain - 活动责任链-商品库存处理【有效期、状态、库存(sku)】成功。sku:9011 activityId:100301
25-07-17.10:47:19.146 [main            ] INFO  RaffleOrderTest        - 测试结果：853839756138
25-07-17.10:47:19.160 [main            ] INFO  ActivityBaseActionChain - 活动责任链-基础信息【有效期、状态、库存(sku)】校验开始。sku:9011 activityId:100301
25-07-17.10:47:19.160 [main            ] INFO  ActivitySkuStockActionChain - 活动责任链-商品库存处理【有效期、状态、库存(sku)】开始。sku:9011 activityId:100301
25-07-17.10:47:19.169 [main            ] INFO  ActivitySkuStockActionChain - 活动责任链-商品库存处理【有效期、状态、库存(sku)】成功。sku:9011 activityId:100301
25-07-17.10:47:19.214 [main            ] INFO  RaffleOrderTest        - 测试结果：933189136062
25-07-17.10:47:19.226 [main            ] INFO  ActivityBaseActionChain - 活动责任链-基础信息【有效期、状态、库存(sku)】校验开始。sku:9011 activityId:100301
25-07-17.10:47:19.227 [main            ] INFO  ActivitySkuStockActionChain - 活动责任链-商品库存处理【有效期、状态、库存(sku)】开始。sku:9011 activityId:100301
25-07-17.10:47:19.235 [main            ] INFO  ActivitySkuStockActionChain - 活动责任链-商品库存处理【有效期、状态、库存(sku)】成功。sku:9011 activityId:100301
25-07-17.10:47:19.269 [main            ] INFO  RaffleOrderTest        - 测试结果：651942048518
25-07-17.10:47:19.281 [main            ] INFO  ActivityBaseActionChain - 活动责任链-基础信息【有效期、状态、库存(sku)】校验开始。sku:9011 activityId:100301
25-07-17.10:47:19.282 [main            ] INFO  ActivitySkuStockActionChain - 活动责任链-商品库存处理【有效期、状态、库存(sku)】开始。sku:9011 activityId:100301
25-07-17.10:47:19.289 [main            ] INFO  ActivitySkuStockActionChain - 活动责任链-商品库存处理【有效期、状态、库存(sku)】成功。sku:9011 activityId:100301
25-07-17.10:47:19.321 [main            ] INFO  RaffleOrderTest        - 测试结果：061539268009
25-07-17.10:47:19.334 [main            ] INFO  ActivityBaseActionChain - 活动责任链-基础信息【有效期、状态、库存(sku)】校验开始。sku:9011 activityId:100301
25-07-17.10:47:19.334 [main            ] INFO  ActivitySkuStockActionChain - 活动责任链-商品库存处理【有效期、状态、库存(sku)】开始。sku:9011 activityId:100301
25-07-17.10:47:19.342 [main            ] INFO  ActivitySkuStockActionChain - 活动责任链-商品库存处理【有效期、状态、库存(sku)】成功。sku:9011 activityId:100301
25-07-17.10:47:19.374 [main            ] INFO  RaffleOrderTest        - 测试结果：266579644246
25-07-17.10:47:19.386 [main            ] INFO  ActivityBaseActionChain - 活动责任链-基础信息【有效期、状态、库存(sku)】校验开始。sku:9011 activityId:100301
25-07-17.10:47:19.386 [main            ] INFO  ActivitySkuStockActionChain - 活动责任链-商品库存处理【有效期、状态、库存(sku)】开始。sku:9011 activityId:100301
25-07-17.10:47:19.394 [main            ] INFO  ActivitySkuStockActionChain - 活动责任链-商品库存处理【有效期、状态、库存(sku)】成功。sku:9011 activityId:100301
25-07-17.10:47:19.425 [main            ] INFO  RaffleOrderTest        - 测试结果：146850987089
25-07-17.10:47:19.437 [main            ] INFO  ActivityBaseActionChain - 活动责任链-基础信息【有效期、状态、库存(sku)】校验开始。sku:9011 activityId:100301
25-07-17.10:47:19.437 [main            ] INFO  ActivitySkuStockActionChain - 活动责任链-商品库存处理【有效期、状态、库存(sku)】开始。sku:9011 activityId:100301
25-07-17.10:47:19.444 [main            ] INFO  ActivitySkuStockActionChain - 活动责任链-商品库存处理【有效期、状态、库存(sku)】成功。sku:9011 activityId:100301
25-07-17.10:47:19.472 [main            ] INFO  RaffleOrderTest        - 测试结果：929836422432
25-07-17.10:47:19.482 [main            ] INFO  ActivityBaseActionChain - 活动责任链-基础信息【有效期、状态、库存(sku)】校验开始。sku:9011 activityId:100301
25-07-17.10:47:19.482 [main            ] INFO  ActivitySkuStockActionChain - 活动责任链-商品库存处理【有效期、状态、库存(sku)】开始。sku:9011 activityId:100301
25-07-17.10:47:19.489 [main            ] INFO  ActivitySkuStockActionChain - 活动责任链-商品库存处理【有效期、状态、库存(sku)】成功。sku:9011 activityId:100301
25-07-17.10:47:19.520 [main            ] INFO  RaffleOrderTest        - 测试结果：084057984250
25-07-17.10:47:19.530 [main            ] INFO  ActivityBaseActionChain - 活动责任链-基础信息【有效期、状态、库存(sku)】校验开始。sku:9011 activityId:100301
25-07-17.10:47:19.530 [main            ] INFO  ActivitySkuStockActionChain - 活动责任链-商品库存处理【有效期、状态、库存(sku)】开始。sku:9011 activityId:100301
25-07-17.10:47:19.536 [main            ] INFO  ActivitySkuStockActionChain - 活动责任链-商品库存处理【有效期、状态、库存(sku)】成功。sku:9011 activityId:100301
25-07-17.10:47:19.567 [main            ] INFO  RaffleOrderTest        - 测试结果：724277890544
25-07-17.10:47:19.577 [main            ] INFO  ActivityBaseActionChain - 活动责任链-基础信息【有效期、状态、库存(sku)】校验开始。sku:9011 activityId:100301
25-07-17.10:47:19.578 [main            ] INFO  ActivitySkuStockActionChain - 活动责任链-商品库存处理【有效期、状态、库存(sku)】开始。sku:9011 activityId:100301
25-07-17.10:47:19.583 [main            ] INFO  ActivitySkuStockActionChain - 活动责任链-商品库存处理【有效期、状态、库存(sku)】成功。sku:9011 activityId:100301
25-07-17.10:47:19.611 [main            ] INFO  RaffleOrderTest        - 测试结果：833285531313
25-07-17.10:47:19.622 [main            ] INFO  ActivityBaseActionChain - 活动责任链-基础信息【有效期、状态、库存(sku)】校验开始。sku:9011 activityId:100301
25-07-17.10:47:19.622 [main            ] INFO  ActivitySkuStockActionChain - 活动责任链-商品库存处理【有效期、状态、库存(sku)】开始。sku:9011 activityId:100301
25-07-17.10:47:19.630 [main            ] INFO  ActivitySkuStockActionChain - 活动责任链-商品库存处理【有效期、状态、库存(sku)】成功。sku:9011 activityId:100301
25-07-17.10:47:19.658 [main            ] INFO  RaffleOrderTest        - 测试结果：700179947039
25-07-17.10:47:19.668 [main            ] INFO  ActivityBaseActionChain - 活动责任链-基础信息【有效期、状态、库存(sku)】校验开始。sku:9011 activityId:100301
25-07-17.10:47:19.668 [main            ] INFO  ActivitySkuStockActionChain - 活动责任链-商品库存处理【有效期、状态、库存(sku)】开始。sku:9011 activityId:100301
25-07-17.10:47:19.674 [main            ] INFO  ActivitySkuStockActionChain - 活动责任链-商品库存处理【有效期、状态、库存(sku)】成功。sku:9011 activityId:100301
25-07-17.10:47:19.705 [main            ] INFO  RaffleOrderTest        - 测试结果：287337177679
25-07-17.10:47:19.715 [main            ] INFO  ActivityBaseActionChain - 活动责任链-基础信息【有效期、状态、库存(sku)】校验开始。sku:9011 activityId:100301
25-07-17.10:47:19.715 [main            ] INFO  ActivitySkuStockActionChain - 活动责任链-商品库存处理【有效期、状态、库存(sku)】开始。sku:9011 activityId:100301
25-07-17.10:47:19.720 [main            ] INFO  ActivitySkuStockActionChain - 活动责任链-商品库存处理【有效期、状态、库存(sku)】成功。sku:9011 activityId:100301
25-07-17.10:47:19.748 [main            ] INFO  RaffleOrderTest        - 测试结果：740580513034
25-07-17.10:47:19.757 [main            ] INFO  ActivityBaseActionChain - 活动责任链-基础信息【有效期、状态、库存(sku)】校验开始。sku:9011 activityId:100301
25-07-17.10:47:19.757 [main            ] INFO  ActivitySkuStockActionChain - 活动责任链-商品库存处理【有效期、状态、库存(sku)】开始。sku:9011 activityId:100301
25-07-17.10:47:19.762 [main            ] INFO  ActivitySkuStockActionChain - 活动责任链-商品库存处理【有效期、状态、库存(sku)】成功。sku:9011 activityId:100301
25-07-17.10:47:19.790 [main            ] INFO  RaffleOrderTest        - 测试结果：589803036141
25-07-17.10:47:19.799 [main            ] INFO  ActivityBaseActionChain - 活动责任链-基础信息【有效期、状态、库存(sku)】校验开始。sku:9011 activityId:100301
25-07-17.10:47:19.799 [main            ] INFO  ActivitySkuStockActionChain - 活动责任链-商品库存处理【有效期、状态、库存(sku)】开始。sku:9011 activityId:100301
25-07-17.10:47:19.805 [main            ] INFO  ActivitySkuStockActionChain - 活动责任链-商品库存处理【有效期、状态、库存(sku)】成功。sku:9011 activityId:100301
25-07-17.10:47:19.838 [main            ] INFO  RaffleOrderTest        - 测试结果：583287260577
25-07-17.10:47:19.845 [main            ] INFO  ActivityBaseActionChain - 活动责任链-基础信息【有效期、状态、库存(sku)】校验开始。sku:9011 activityId:100301
25-07-17.10:47:19.845 [main            ] INFO  ActivitySkuStockActionChain - 活动责任链-商品库存处理【有效期、状态、库存(sku)】开始。sku:9011 activityId:100301
25-07-17.10:47:19.850 [main            ] INFO  ActivitySkuStockActionChain - 活动责任链-商品库存处理【有效期、状态、库存(sku)】成功。sku:9011 activityId:100301
25-07-17.10:47:19.875 [main            ] INFO  RaffleOrderTest        - 测试结果：439580477955
25-07-17.10:47:19.884 [main            ] INFO  ActivityBaseActionChain - 活动责任链-基础信息【有效期、状态、库存(sku)】校验开始。sku:9011 activityId:100301
25-07-17.10:47:19.884 [main            ] INFO  ActivitySkuStockActionChain - 活动责任链-商品库存处理【有效期、状态、库存(sku)】开始。sku:9011 activityId:100301
25-07-17.10:47:19.888 [main            ] INFO  ActivitySkuStockActionChain - 活动责任链-商品库存处理【有效期、状态、库存(sku)】成功。sku:9011 activityId:100301
25-07-17.10:47:19.912 [main            ] INFO  RaffleOrderTest        - 测试结果：276270329646
25-07-17.10:47:19.922 [main            ] INFO  ActivityBaseActionChain - 活动责任链-基础信息【有效期、状态、库存(sku)】校验开始。sku:9011 activityId:100301
25-07-17.10:47:19.922 [main            ] INFO  ActivitySkuStockActionChain - 活动责任链-商品库存处理【有效期、状态、库存(sku)】开始。sku:9011 activityId:100301
25-07-17.10:47:20.156 [main            ] INFO  EventPublisher         - 发送MQ消息 topic:activity_sku_stock_zero message:{"data":9011,"id":"63735936663","timestamp":1752720439925}
25-07-17.10:47:20.157 [main            ] WARN  RaffleOrderTest        - 活动库存不足
25-07-17.10:47:20.172 [org.springframework.amqp.rabbit.RabbitListenerEndpointContainer#0-1] INFO  ActivitySkuStockZeroCustomer - 监听活动sku库存消耗为0消息 topic: activity_sku_stock_zero message: {"data":9011,"id":"63735936663","timestamp":1752720439925}
25-07-17.10:49:51.202 [org.springframework.amqp.rabbit.RabbitListenerEndpointContainer#0-2] INFO  SimpleMessageListenerContainer - Waiting for workers to finish.
25-07-17.10:49:51.847 [org.springframework.amqp.rabbit.RabbitListenerEndpointContainer#0-2] INFO  SimpleMessageListenerContainer - Successfully waited for workers to finish.
25-07-17.10:49:51.850 [SpringApplicationShutdownHook] INFO  SimpleMessageListenerContainer - Shutdown ignored - container is already stopped
